<?xml version="1.0" encoding="UTF-8"?>
<!-- Generated by org.testng.reporters.JUnitReportReporter -->
<testsuite hostname="DESKTOP-KJ58VDP" failures="0" tests="1" name="CucumberOptions.TestNgTestRunner" time="12.500" errors="0" timestamp="2022-09-08T04:30:18 EDT" skipped="0">
  <testcase classname="CucumberOptions.TestNgTestRunner" name="runScenario" time="12.500"/>
  <system-out/>
</testsuite> <!-- CucumberOptions.TestNgTestRunner -->
